<?xml version="1.0" encoding="UTF-8" ?>
<testsuite tests="20" failures="0" name="pv260.unittesting.Vector2DTest" time="0.03" errors="0" skipped="0">
  <properties>
    <property name="java.runtime.name" value="Java(TM) SE Runtime Environment"/>
    <property name="sun.boot.library.path" value="C:\Program Files\Java\jdk1.8.0_65\jre\bin"/>
    <property name="java.vm.version" value="25.65-b01"/>
    <property name="java.vm.vendor" value="Oracle Corporation"/>
    <property name="maven.multiModuleProjectDirectory" value="C:\Ja\MU\vyuka\Software quality\jaro2019\unit-testing\unittesting-fixed\PV260-UnitTesting"/>
    <property name="java.vendor.url" value="http://java.oracle.com/"/>
    <property name="path.separator" value=";"/>
    <property name="guice.disable.misplaced.annotation.check" value="true"/>
    <property name="java.vm.name" value="Java HotSpot(TM) 64-Bit Server VM"/>
    <property name="file.encoding.pkg" value="sun.io"/>
    <property name="user.script" value=""/>
    <property name="user.country" value="GB"/>
    <property name="sun.java.launcher" value="SUN_STANDARD"/>
    <property name="sun.os.patch.level" value=""/>
    <property name="java.vm.specification.name" value="Java Virtual Machine Specification"/>
    <property name="user.dir" value="C:\Ja\MU\vyuka\Software quality\jaro2019\unit-testing\unittesting-fixed\PV260-UnitTesting"/>
    <property name="java.runtime.version" value="1.8.0_65-b17"/>
    <property name="java.awt.graphicsenv" value="sun.awt.Win32GraphicsEnvironment"/>
    <property name="java.endorsed.dirs" value="C:\Program Files\Java\jdk1.8.0_65\jre\lib\endorsed"/>
    <property name="os.arch" value="amd64"/>
    <property name="java.io.tmpdir" value="C:\Users\stano\AppData\Local\Temp\"/>
    <property name="line.separator" value="
"/>
    <property name="java.vm.specification.vendor" value="Oracle Corporation"/>
    <property name="user.variant" value=""/>
    <property name="os.name" value="Windows 10"/>
    <property name="maven.ext.class.path" value="C:\utility\netbeans\inst\NetBeans 8.1\java\maven-nblib\netbeans-eventspy.jar"/>
    <property name="classworlds.conf" value="C:\utility\maven\apache-maven-3.3.9\bin\m2.conf"/>
    <property name="sun.jnu.encoding" value="Cp1252"/>
    <property name="java.library.path" value="C:\Program Files\Java\jdk1.8.0_65\bin;C:\WINDOWS\Sun\Java\bin;C:\WINDOWS\system32;C:\WINDOWS;C:\Program Files (x86)\Common Files\Oracle\Java\javapath;C:\Program Files (x86)\NVIDIA Corporation\PhysX\Common;C:\utility\python\inst-2.7\;C:\utility\python\inst-2.7\Scripts;C:\ProgramData\Oracle\Java\javapath;C:\WINDOWS\system32;C:\WINDOWS;C:\WINDOWS\System32\Wbem;C:\WINDOWS\System32\WindowsPowerShell\v1.0\;C:\utility\openvpn\openVPN\bin;C:\Program Files\Calibre2\;C:\utility\git\Git\cmd;C:\utility\git\bin;C:\Program Files\Java\jdk1.8.0_65\bin;C:\utility\maven\apache-maven-3.3.9\bin;C:\Program Files (x86)\Skype\Phone\;C:\utility\ParagonExtFs\;C:\Program Files (x86)\PharosSystems\Core;C:\Spnp-Gui\spnp\bin;C:\utility\storageexecutive\inst;C:\Program Files (x86)\Common Files\Acronis\VirtualFile\;C:\Program Files (x86)\Common Files\Acronis\VirtualFile64\;C:\Program Files (x86)\Common Files\Acronis\SnapAPI\;C:\WINDOWS\System32\OpenSSH\;C:\texlive\2015\bin\win32;%USERPROFILE%\AppData\Local\Microsoft\WindowsApps;;."/>
    <property name="java.specification.name" value="Java Platform API Specification"/>
    <property name="java.class.version" value="52.0"/>
    <property name="sun.management.compiler" value="HotSpot 64-Bit Tiered Compilers"/>
    <property name="os.version" value="10.0"/>
    <property name="user.home" value="C:\Users\stano"/>
    <property name="user.timezone" value="Europe/Prague"/>
    <property name="java.awt.printerjob" value="sun.awt.windows.WPrinterJob"/>
    <property name="java.specification.version" value="1.8"/>
    <property name="file.encoding" value="UTF-8"/>
    <property name="user.name" value="stano"/>
    <property name="java.class.path" value="C:\utility\maven\apache-maven-3.3.9\boot\plexus-classworlds-2.5.2.jar"/>
    <property name="java.vm.specification.version" value="1.8"/>
    <property name="sun.arch.data.model" value="64"/>
    <property name="java.home" value="C:\Program Files\Java\jdk1.8.0_65\jre"/>
    <property name="sun.java.command" value="org.codehaus.plexus.classworlds.launcher.Launcher -Dmaven.ext.class.path=C:\utility\netbeans\inst\NetBeans 8.1\java\maven-nblib\netbeans-eventspy.jar -Dfile.encoding=UTF-8 clean install"/>
    <property name="java.specification.vendor" value="Oracle Corporation"/>
    <property name="user.language" value="en"/>
    <property name="awt.toolkit" value="sun.awt.windows.WToolkit"/>
    <property name="java.vm.info" value="mixed mode"/>
    <property name="java.version" value="1.8.0_65"/>
    <property name="java.ext.dirs" value="C:\Program Files\Java\jdk1.8.0_65\jre\lib\ext;C:\WINDOWS\Sun\Java\lib\ext"/>
    <property name="sun.boot.class.path" value="C:\Program Files\Java\jdk1.8.0_65\jre\lib\resources.jar;C:\Program Files\Java\jdk1.8.0_65\jre\lib\rt.jar;C:\Program Files\Java\jdk1.8.0_65\jre\lib\sunrsasign.jar;C:\Program Files\Java\jdk1.8.0_65\jre\lib\jsse.jar;C:\Program Files\Java\jdk1.8.0_65\jre\lib\jce.jar;C:\Program Files\Java\jdk1.8.0_65\jre\lib\charsets.jar;C:\Program Files\Java\jdk1.8.0_65\jre\lib\jfr.jar;C:\Program Files\Java\jdk1.8.0_65\jre\classes"/>
    <property name="java.vendor" value="Oracle Corporation"/>
    <property name="maven.home" value="C:\utility\maven\apache-maven-3.3.9"/>
    <property name="file.separator" value="\"/>
    <property name="java.vendor.url.bug" value="http://bugreport.sun.com/bugreport/"/>
    <property name="sun.cpu.endian" value="little"/>
    <property name="sun.io.unicode.encoding" value="UnicodeLittle"/>
    <property name="sun.desktop" value="windows"/>
    <property name="sun.cpu.isalist" value="amd64"/>
  </properties>
  <testcase classname="pv260.unittesting.Vector2DTest" name="testNormalized [0;10, 0;1]" time="0.014"/>
  <testcase classname="pv260.unittesting.Vector2DTest" name="testNormalized [-1;1, -0.707106782373095;0.707106782373095]" time="0"/>
  <testcase classname="pv260.unittesting.Vector2DTest" name="testRotatedBy [1;0, 90, 0;1]" time="0.001"/>
  <testcase classname="pv260.unittesting.Vector2DTest" name="testRotatedBy [1;0, -90, 0;-1]" time="0"/>
  <testcase classname="pv260.unittesting.Vector2DTest" name="testRotatedBy [-1;-1, 45, 0;-1.41421]" time="0.001"/>
  <testcase classname="pv260.unittesting.Vector2DTest" name="testBetweenTwoPoints [1;2, 3;4, 2;2]" time="0"/>
  <testcase classname="pv260.unittesting.Vector2DTest" name="testBetweenTwoPoints [-7;4, -4;-3, 3;-7]" time="0.002"/>
  <testcase classname="pv260.unittesting.Vector2DTest" name="testAngleDeg [1;1, 45.0]" time="0.004"/>
  <testcase classname="pv260.unittesting.Vector2DTest" name="testAngleDeg [0;1, 90.0]" time="0.001"/>
  <testcase classname="pv260.unittesting.Vector2DTest" name="testAngleDeg [-1;-1, -135.0]" time="0.001"/>
  <testcase classname="pv260.unittesting.Vector2DTest" name="testFromAngle [45, 5.65685, 4;4]" time="0.002"/>
  <testcase classname="pv260.unittesting.Vector2DTest" name="testFromAngle [171.8699, 7.07107, -7;1]" time="0.002"/>
  <testcase classname="pv260.unittesting.Vector2DTest" name="testFromAngle [225, 1.41421, -1;-1]" time="0"/>
  <testcase classname="pv260.unittesting.Vector2DTest" name="testFromAngle [296.56505, 4.47214, 2;-4]" time="0"/>
  <testcase classname="pv260.unittesting.Vector2DTest" name="testLength [0;1, 1]" time="0"/>
  <testcase classname="pv260.unittesting.Vector2DTest" name="testLength [1;1, 1.41421356]" time="0.001"/>
  <testcase classname="pv260.unittesting.Vector2DTest" name="testLength [-1;-1, 1.41421356]" time="0.001"/>
  <testcase classname="pv260.unittesting.Vector2DTest" name="testLength [2;-3, 3.60555]" time="0"/>
  <testcase classname="pv260.unittesting.Vector2DTest" name="testShiftedBy [0;0, 1;1, 1;1]" time="0"/>
  <testcase classname="pv260.unittesting.Vector2DTest" name="testShiftedBy [-1;3, 1;-3, 0;0]" time="0"/>
</testsuite>